<?xml version="1.0" encoding="UTF-8"?>
<testsuite xmlns:xsi="http://www.w3.org/2001/XMLSchema-instance" xsi:noNamespaceSchemaLocation="https://maven.apache.org/surefire/maven-surefire-plugin/xsd/surefire-test-report-3.0.xsd" version="3.0" name="com.example.haunted.PlayerTest" time="0.015" tests="27" errors="0" skipped="0" failures="0">
  <properties>
[...]
</properties>
  <testcase name="aliveTest(int, boolean)[1]" classname="com.example.haunted.PlayerTest" time="0.001"/>
  <testcase name="aliveTest(int, boolean)[2]" classname="com.example.haunted.PlayerTest" time="0.0"/>
  <testcase name="aliveTest(int, boolean)[3]" classname="com.example.haunted.PlayerTest" time="0.001"/>
  <testcase name="aliveTest(int, boolean)[4]" classname="com.example.haunted.PlayerTest" time="0.0"/>
  <testcase name="shouldEquipGetArmor" classname="com.example.haunted.PlayerTest" time="0.0"/>
  <testcase name="attackPowerTest(Armor, int)[1]" classname="com.example.haunted.PlayerTest" time="0.0"/>
  <testcase name="attackPowerTest(Armor, int)[2]" classname="com.example.haunted.PlayerTest" time="0.0"/>
  <testcase name="attackPowerTest(Armor, int)[3]" classname="com.example.haunted.PlayerTest" time="0.0"/>
  <testcase name="attackPowerTest(Weapon, int)[1]" classname="com.example.haunted.PlayerTest" time="0.0"/>
  <testcase name="attackPowerTest(Weapon, int)[2]" classname="com.example.haunted.PlayerTest" time="0.0"/>
  <testcase name="attackPowerTest(Weapon, int)[3]" classname="com.example.haunted.PlayerTest" time="0.001"/>
  <testcase name="shouldGetHealth" classname="com.example.haunted.PlayerTest" time="0.0"/>
  <testcase name="shouldHeal(int, int, int)[1]" classname="com.example.haunted.PlayerTest" time="0.001"/>
  <testcase name="shouldHeal(int, int, int)[2]" classname="com.example.haunted.PlayerTest" time="0.0"/>
  <testcase name="shouldHeal(int, int, int)[3]" classname="com.example.haunted.PlayerTest" time="0.0"/>
  <testcase name="shouldHeal(int, int, int)[4]" classname="com.example.haunted.PlayerTest" time="0.001"/>
  <testcase name="shouldGetInventory" classname="com.example.haunted.PlayerTest" time="0.0"/>
  <testcase name="shouldGetName" classname="com.example.haunted.PlayerTest" time="0.0"/>
  <testcase name="shouldGetMaxHealth" classname="com.example.haunted.PlayerTest" time="0.0"/>
  <testcase name="shouldGetBaseAttack" classname="com.example.haunted.PlayerTest" time="0.0"/>
  <testcase name="shouldEquipGetWeapon" classname="com.example.haunted.PlayerTest" time="0.0"/>
  <testcase name="shouldTakeDamage(int, int)[1]" classname="com.example.haunted.PlayerTest" time="0.0"/>
  <testcase name="shouldTakeDamage(int, int)[2]" classname="com.example.haunted.PlayerTest" time="0.001"/>
  <testcase name="shouldTakeDamage(int, int)[3]" classname="com.example.haunted.PlayerTest" time="0.0"/>
  <testcase name="shouldTakeDamage(int, int)[4]" classname="com.example.haunted.PlayerTest" time="0.0"/>
  <testcase name="shouldSetGetRoom" classname="com.example.haunted.PlayerTest" time="0.0"/>
  <testcase name="shouldGetBaseDefense" classname="com.example.haunted.PlayerTest" time="0.0"/>
</testsuite>