<?xml version="1.0" encoding="UTF-8"?>
<testsuite xmlns:xsi="http://www.w3.org/2001/XMLSchema-instance" xsi:noNamespaceSchemaLocation="https://maven.apache.org/surefire/maven-surefire-plugin/xsd/surefire-test-report-3.0.xsd" version="3.0" name="com.example.haunted.RoomTest" time="0.057" tests="42" errors="0" skipped="0" failures="2">
  <properties>
[...]
</properties>
  <testcase name="shouldNotFindMonster" classname="com.example.haunted.RoomTest" time="0.008"/>
  <testcase name="shouldFindMonster(String)[1]" classname="com.example.haunted.RoomTest" time="0.002"/>
  <testcase name="shouldFindMonster(String)[2]" classname="com.example.haunted.RoomTest" time="0.001"/>
  <testcase name="itemsShouldBeReturned" classname="com.example.haunted.RoomTest" time="0.001"/>
  <testcase name="shouldUnlock" classname="com.example.haunted.RoomTest" time="0.001"/>
  <testcase name="shouldReturnEmpty" classname="com.example.haunted.RoomTest" time="0.0"/>
  <testcase name="invalidShouldNotBeFound" classname="com.example.haunted.RoomTest" time="0.003">
    <failure message="expected: &lt;null&gt; but was: &lt;Optional.empty&gt;" type="org.opentest4j.AssertionFailedError"><![CDATA[org.opentest4j.AssertionFailedError: expected: <null> but was: <Optional.empty>
	at org.junit.jupiter.api.AssertionFailureBuilder.build(AssertionFailureBuilder.java:158)
	at org.junit.jupiter.api.AssertionFailureBuilder.buildAndThrow(AssertionFailureBuilder.java:139)
	at org.junit.jupiter.api.AssertEquals.failNotEqual(AssertEquals.java:201)
	at org.junit.jupiter.api.AssertEquals.assertEquals(AssertEquals.java:184)
	at org.junit.jupiter.api.AssertEquals.assertEquals(AssertEquals.java:179)
	at org.junit.jupiter.api.Assertions.assertEquals(Assertions.java:1188)
	at com.example.haunted.RoomTest.invalidShouldNotBeFound(RoomTest.java:203)
]]></failure>
  </testcase>
  <testcase name="shouldGetId" classname="com.example.haunted.RoomTest" time="0.0"/>
  <testcase name="shouldBeLocked" classname="com.example.haunted.RoomTest" time="0.0"/>
  <testcase name="getExitsShouldBeFilled" classname="com.example.haunted.RoomTest" time="0.0"/>
  <testcase name="shouldGetName" classname="com.example.haunted.RoomTest" time="0.0"/>
  <testcase name="shouldGetTrap" classname="com.example.haunted.RoomTest" time="0.0"/>
  <testcase name="itemRemovedShouldReturn(Item)[1]" classname="com.example.haunted.RoomTest" time="0.001"/>
  <testcase name="itemRemovedShouldReturn(Item)[2]" classname="com.example.haunted.RoomTest" time="0.0"/>
  <testcase name="itemRemovedShouldReturn(Item)[3]" classname="com.example.haunted.RoomTest" time="0.0"/>
  <testcase name="itemShouldBeAdded(Item)[1]" classname="com.example.haunted.RoomTest" time="0.0"/>
  <testcase name="itemShouldBeAdded(Item)[2]" classname="com.example.haunted.RoomTest" time="0.001"/>
  <testcase name="itemShouldBeAdded(Item)[3]" classname="com.example.haunted.RoomTest" time="0.0"/>
  <testcase name="itemShouldBeFound(String)[1]" classname="com.example.haunted.RoomTest" time="0.0"/>
  <testcase name="itemShouldBeFound(String)[2]" classname="com.example.haunted.RoomTest" time="0.0"/>
  <testcase name="itemShouldBeFound(String)[3]" classname="com.example.haunted.RoomTest" time="0.0"/>
  <testcase name="shouldNotUnlock" classname="com.example.haunted.RoomTest" time="0.0">
    <failure message="expected: &lt;false&gt; but was: &lt;true&gt;" type="org.opentest4j.AssertionFailedError"><![CDATA[org.opentest4j.AssertionFailedError: expected: <false> but was: <true>
	at org.junit.jupiter.api.AssertionFailureBuilder.build(AssertionFailureBuilder.java:158)
	at org.junit.jupiter.api.AssertionFailureBuilder.buildAndThrow(AssertionFailureBuilder.java:139)
	at org.junit.jupiter.api.AssertEquals.failNotEqual(AssertEquals.java:201)
	at org.junit.jupiter.api.AssertEquals.assertEquals(AssertEquals.java:184)
	at org.junit.jupiter.api.AssertEquals.assertEquals(AssertEquals.java:179)
	at org.junit.jupiter.api.Assertions.assertEquals(Assertions.java:1188)
	at com.example.haunted.RoomTest.shouldNotUnlock(RoomTest.java:323)
]]></failure>
  </testcase>
  <testcase name="itemsShouldNotBeReturned" classname="com.example.haunted.RoomTest" time="0.0"/>
  <testcase name="itemShouldNotBeRemoved" classname="com.example.haunted.RoomTest" time="0.0"/>
  <testcase name="shouldNotHaveAlive" classname="com.example.haunted.RoomTest" time="0.001"/>
  <testcase name="shouldChangeTrap" classname="com.example.haunted.RoomTest" time="0.0"/>
  <testcase name="shouldGetDescription" classname="com.example.haunted.RoomTest" time="0.0"/>
  <testcase name="getExitShouldBeEmpty" classname="com.example.haunted.RoomTest" time="0.0"/>
  <testcase name="itemShouldBeRemoved(Item)[1]" classname="com.example.haunted.RoomTest" time="0.001"/>
  <testcase name="itemShouldBeRemoved(Item)[2]" classname="com.example.haunted.RoomTest" time="0.0"/>
  <testcase name="itemShouldBeRemoved(Item)[3]" classname="com.example.haunted.RoomTest" time="0.0"/>
  <testcase name="connectShouldConnectRoom(Direction)[1]" classname="com.example.haunted.RoomTest" time="0.001"/>
  <testcase name="connectShouldConnectRoom(Direction)[2]" classname="com.example.haunted.RoomTest" time="0.0"/>
  <testcase name="connectShouldConnectRoom(Direction)[3]" classname="com.example.haunted.RoomTest" time="0.0"/>
  <testcase name="connectShouldConnectRoom(Direction)[4]" classname="com.example.haunted.RoomTest" time="0.0"/>
  <testcase name="getExitsShouldBeEmpty" classname="com.example.haunted.RoomTest" time="0.001"/>
  <testcase name="shouldReturnNewKeyName" classname="com.example.haunted.RoomTest" time="0.0"/>
  <testcase name="shouldAddMonster(Monster)[1]" classname="com.example.haunted.RoomTest" time="0.0"/>
  <testcase name="shouldAddMonster(Monster)[2]" classname="com.example.haunted.RoomTest" time="0.001"/>
  <testcase name="shouldReturnMonsters" classname="com.example.haunted.RoomTest" time="0.0"/>
  <testcase name="getExitShouldReturnRoom" classname="com.example.haunted.RoomTest" time="0.0"/>
  <testcase name="shouldHaveAlive" classname="com.example.haunted.RoomTest" time="0.001"/>
</testsuite>