<?xml version="1.0" encoding="UTF-8"?>
<testsuite xmlns:xsi="http://www.w3.org/2001/XMLSchema-instance" xsi:noNamespaceSchemaLocation="https://maven.apache.org/surefire/maven-surefire-plugin/xsd/surefire-test-report-3.0.xsd" version="3.0" name="com.example.haunted.InventoryTest" time="0.022" tests="24" errors="0" skipped="0" failures="3">
  <properties>
[...]
</properties>
  <testcase name="getItemsTest" classname="com.example.haunted.InventoryTest" time="0.0">
    <failure message="expected: &lt;true&gt; but was: &lt;false&gt;" type="org.opentest4j.AssertionFailedError"><![CDATA[org.opentest4j.AssertionFailedError: expected: <true> but was: <false>
	at org.junit.jupiter.api.AssertionFailureBuilder.build(AssertionFailureBuilder.java:158)
	at org.junit.jupiter.api.AssertionFailureBuilder.buildAndThrow(AssertionFailureBuilder.java:139)
	at org.junit.jupiter.api.AssertTrue.failNotTrue(AssertTrue.java:69)
	at org.junit.jupiter.api.AssertTrue.assertTrue(AssertTrue.java:41)
	at org.junit.jupiter.api.AssertTrue.assertTrue(AssertTrue.java:35)
	at org.junit.jupiter.api.Assertions.assertTrue(Assertions.java:195)
	at com.example.haunted.InventoryTest.getItemsTest(InventoryTest.java:192)
]]></failure>
  </testcase>
  <testcase name="fullShouldNotAdd" classname="com.example.haunted.InventoryTest" time="0.001"/>
  <testcase name="missingContainsShouldReturnNull(Inventory)[1]" classname="com.example.haunted.InventoryTest" time="0.0"/>
  <testcase name="missingContainsShouldReturnNull(Inventory)[2]" classname="com.example.haunted.InventoryTest" time="0.0"/>
  <testcase name="validAddShouldReturnTrue" classname="com.example.haunted.InventoryTest" time="0.0"/>
  <testcase name="fullAddShouldReturnFalse" classname="com.example.haunted.InventoryTest" time="0.0"/>
  <testcase name="capacityTest(Inventory, int)[1]" classname="com.example.haunted.InventoryTest" time="0.002"/>
  <testcase name="capacityTest(Inventory, int)[2]" classname="com.example.haunted.InventoryTest" time="0.0"/>
  <testcase name="capacityTest(Inventory, int)[3]" classname="com.example.haunted.InventoryTest" time="0.001"/>
  <testcase name="isFullTest(Inventory, boolean)[1]" classname="com.example.haunted.InventoryTest" time="0.001"/>
  <testcase name="isFullTest(Inventory, boolean)[2]" classname="com.example.haunted.InventoryTest" time="0.001">
    <failure message="expected: &lt;false&gt; but was: &lt;true&gt;" type="org.opentest4j.AssertionFailedError"><![CDATA[org.opentest4j.AssertionFailedError: expected: <false> but was: <true>
	at org.junit.jupiter.api.AssertionFailureBuilder.build(AssertionFailureBuilder.java:158)
	at org.junit.jupiter.api.AssertionFailureBuilder.buildAndThrow(AssertionFailureBuilder.java:139)
	at org.junit.jupiter.api.AssertEquals.failNotEqual(AssertEquals.java:201)
	at org.junit.jupiter.api.AssertEquals.assertEquals(AssertEquals.java:184)
	at org.junit.jupiter.api.AssertEquals.assertEquals(AssertEquals.java:179)
	at org.junit.jupiter.api.Assertions.assertEquals(Assertions.java:1188)
	at com.example.haunted.InventoryTest.isFullTest(InventoryTest.java:169)
]]></failure>
  </testcase>
  <testcase name="isFullTest(Inventory, boolean)[3]" classname="com.example.haunted.InventoryTest" time="0.0"/>
  <testcase name="validShouldAdd" classname="com.example.haunted.InventoryTest" time="0.0"/>
  <testcase name="removedItemShouldNotBeFound(String)[1]" classname="com.example.haunted.InventoryTest" time="0.0"/>
  <testcase name="removedItemShouldNotBeFound(String)[2]" classname="com.example.haunted.InventoryTest" time="0.0"/>
  <testcase name="removedItemShouldNotBeFound(String)[3]" classname="com.example.haunted.InventoryTest" time="0.0"/>
  <testcase name="presentContainsShouldReturnItem(String)[1]" classname="com.example.haunted.InventoryTest" time="0.0"/>
  <testcase name="presentContainsShouldReturnItem(String)[2]" classname="com.example.haunted.InventoryTest" time="0.0"/>
  <testcase name="presentContainsShouldReturnItem(String)[3]" classname="com.example.haunted.InventoryTest" time="0.0"/>
  <testcase name="presentFindShouldReturnItem(String)[1]" classname="com.example.haunted.InventoryTest" time="0.0">
    <failure message="expected: &lt;true&gt; but was: &lt;false&gt;" type="org.opentest4j.AssertionFailedError"><![CDATA[org.opentest4j.AssertionFailedError: expected: <true> but was: <false>
	at org.junit.jupiter.api.AssertionFailureBuilder.build(AssertionFailureBuilder.java:158)
	at org.junit.jupiter.api.AssertionFailureBuilder.buildAndThrow(AssertionFailureBuilder.java:139)
	at org.junit.jupiter.api.AssertTrue.failNotTrue(AssertTrue.java:69)
	at org.junit.jupiter.api.AssertTrue.assertTrue(AssertTrue.java:41)
	at org.junit.jupiter.api.AssertTrue.assertTrue(AssertTrue.java:35)
	at org.junit.jupiter.api.Assertions.assertTrue(Assertions.java:195)
	at com.example.haunted.InventoryTest.presentFindShouldReturnItem(InventoryTest.java:109)
]]></failure>
  </testcase>
  <testcase name="presentFindShouldReturnItem(String)[2]" classname="com.example.haunted.InventoryTest" time="0.001"/>
  <testcase name="presentFindShouldReturnItem(String)[3]" classname="com.example.haunted.InventoryTest" time="0.0"/>
  <testcase name="missingFindShouldReturnNull(Inventory)[1]" classname="com.example.haunted.InventoryTest" time="0.0"/>
  <testcase name="missingFindShouldReturnNull(Inventory)[2]" classname="com.example.haunted.InventoryTest" time="0.0"/>
</testsuite>